alone
arc-raiders-launch-2025
arcane-season-2-premiere
battlefield-6
bits-charity
black-ops-7-global-launch
borderlands-4-badge---ripper
borderlands-4-badge---vault-symbol
chatter-cs-go-2022
clip-the-halls
destiny-2-final-shape-raid-race
destiny-2-the-final-shape-streamer
diana
dragonscimmy
dreamcon-2024
elden-ring-recluse
elden-ring-wylder
fallout-season-2-ghoul
fright-fest-2025
frog-lantern
gamerduo
gears-of-war-superfan-badge
gingko-leaf
glhf-pledge
glitchcon2020
gold-pixel-heart
gold-pixel-heart---together-for-good-24
gone-bananas
gp-explorer-3
hornet
hunt-crosses
jeff-the-land-shark
k4sen-con-2025
la-velada-iv
la-velada-v-badge
league-of-legends-mid-season-invitational-2025---grey
legendus
lol-worlds-2025
low
marathon-reveal-runner
mel
minecraft-15th-anniversary-celebration
no_audio
no_video
overwatch-league-insider_1
overwatch-league-insider_2018b
overwatch-league-insider_2019a
path-of-exile-2-badge
plaqueboymax-mixtape
pokemon-legends-z-a-chikorita
pokemon-legends-z-a-tepig
pokemon-legends-z-a-totodile
premium
purple-noob
purple-pixel-heart---together-for-good-24
raging-wolf-helm
raider-icon-badge
rainbow-six-siege-x-10th-anniversary
revedtv-stream-awards-2025
rplace-2023
ruby-pixel-heart---together-for-good-24
rustmas-2025
share-the-love
sonic-racing-crossworlds
speedons-5-badge
stream-for-humanity-2-2025
streamer-awards-2024
streamer-awards-tux
subtember-2024
subtember-2025
superultracombo-2023
support-a-streamer-ho26-badge
the-game-awards-2023
the-man-without-fear
the-onryos-mask
together-for-good-25---good-badge
together-for-good-25---goodest-badge
touch-grass
turbo
twitch-dj
twitch-recap-2023
twitch-recap-2024
twitch-recap-2025
twitchcon-2024---rotterdam
twitchcon-2024---san-diego
twitchcon-2025---rotterdam
twitchcon2017
twitchcon2018
twitchconamsterdam2020
twitchconeu2022
twitchconeu2023
twitchconna2019
twitchconna2022
twitchconna2023
ugly-sweater
vct-paris-2025
video-games-day
zevent-2024
zevent25