[MISS] 10-years-as-twitch-staff (Original: 10-years-as-twitch-staff)
[MISS] 15-years-as-twitch-staff (Original: 15-years-as-twitch-staff)
[MISS] 1979-revolution_1 (Original: 1979-revolution_1)
[MISS] 5-years-as-twitch-staff (Original: 5-years-as-twitch-staff)
[MISS] 60-seconds_1 (Original: 60-seconds_1)
[MISS] 60-seconds_2 (Original: 60-seconds_2)
[MISS] 60-seconds_3 (Original: 60-seconds_3)
[MISS] h1z1_1 (Original: H1Z1_1)
[MISS] admin (Original: admin)
[MATCH] alone -> 10590
[MISS] ambassador (Original: ambassador)
[MISS] anomaly-2_1 (Original: anomaly-2_1)
[MISS] anomaly-warzone-earth_1 (Original: anomaly-warzone-earth_1)
[MISS] anonymous-cheerer (Original: anonymous-cheerer)
[MATCH] arc-raiders-launch-2025 -> 80724
[MATCH] arcane-season-2-premiere -> 318840
[MISS] artist-badge (Original: artist-badge)
[MISS] axiom-verge_1 (Original: axiom-verge_1)
[MISS] battlechefbrigade_1 (Original: battlechefbrigade_1)
[MISS] battlechefbrigade_2 (Original: battlechefbrigade_2)
[MISS] battlechefbrigade_3 (Original: battlechefbrigade_3)
[MATCH] battlefield-6 -> 36251
[MISS] battlerite_1 (Original: battlerite_1)
[MISS] bits (Original: bits)
[MISS] bits (Original: bits)
[MISS] bits (Original: bits)
[MISS] bits (Original: bits)
[MISS] bits (Original: bits)
[MISS] bits (Original: bits)
[MISS] bits (Original: bits)
[MISS] bits (Original: bits)
[MISS] bits (Original: bits)
[MISS] bits (Original: bits)
[MISS] bits (Original: bits)
[MISS] bits (Original: bits)
[MISS] bits (Original: bits)
[MISS] bits (Original: bits)
[MISS] bits (Original: bits)
[MISS] bits (Original: bits)
[MISS] bits (Original: bits)
[MISS] bits (Original: bits)
[MISS] bits (Original: bits)
[MISS] bits (Original: bits)
[MISS] bits (Original: bits)
[MISS] bits (Original: bits)
[MISS] bits (Original: bits)
[MISS] bits (Original: bits)
[MISS] bits (Original: bits)
[MISS] bits (Original: bits)
[MISS] bits (Original: bits)
[MISS] bits (Original: bits)
[MATCH] bits-charity -> 151295
[MISS] bits-leader (Original: bits-leader)
[MISS] bits-leader (Original: bits-leader)
[MISS] bits-leader (Original: bits-leader)
[MATCH] black-ops-7-global-launch -> 19495
[MATCH] borderlands-4-badge---ripper -> 21372
[MATCH] borderlands-4-badge---vault-symbol -> 59530
[MISS] bot-badge (Original: bot-badge)
[MISS] brawlhalla_1 (Original: brawlhalla_1)
[MISS] broadcaster (Original: broadcaster)
[MISS] broken-age_1 (Original: broken-age_1)
[MISS] bubsy-the-woolies_1 (Original: bubsy-the-woolies_1)
[MATCH] chatter-cs-go-2022 -> 215664
[MISS] clip-champ (Original: clip-champ)
[MATCH] clip-the-halls -> 27816
[MISS] clips-leader (Original: clips-leader)
[MISS] clips-leader (Original: clips-leader)
[MISS] clips-leader (Original: clips-leader)
[MISS] creator-cs-go-2022 (Original: creator-cs-go-2022)
[MISS] cuphead_1 (Original: cuphead_1)
[MISS] darkest-dungeon_1 (Original: darkest-dungeon_1)
[MISS] deceit_1 (Original: deceit_1)
[MATCH] destiny-2-final-shape-raid-race -> 303084
[MATCH] destiny-2-the-final-shape-streamer -> 15161
[MISS] devil-may-cry-hd_1 (Original: devil-may-cry-hd_1)
[MISS] devil-may-cry-hd_2 (Original: devil-may-cry-hd_2)
[MISS] devil-may-cry-hd_3 (Original: devil-may-cry-hd_3)
[MISS] devil-may-cry-hd_4 (Original: devil-may-cry-hd_4)
[MISS] devilian_1 (Original: devilian_1)
[MATCH] diana -> 7122
[MATCH] dragonscimmy -> 31974
[MATCH] dreamcon-2024 -> 13877
[MISS] duelyst_1 (Original: duelyst_1)
[MISS] duelyst_2 (Original: duelyst_2)
[MISS] duelyst_3 (Original: duelyst_3)
[MISS] duelyst_4 (Original: duelyst_4)
[MISS] duelyst_5 (Original: duelyst_5)
[MISS] duelyst_6 (Original: duelyst_6)
[MISS] duelyst_7 (Original: duelyst_7)
[MATCH] elden-ring-recluse -> 184830
[MATCH] elden-ring-wylder -> 55379
[MISS] enter-the-gungeon_1 (Original: enter-the-gungeon_1)
[MISS] eso_1 (Original: eso_1)
[MATCH] evo-2025 -> 5233
[MISS] extension (Original: extension)
[MISS] fallout-season-2-ghoul (Original: fallout-season-2-ghoul)
[MISS] firewatch_1 (Original: firewatch_1)
[MISS] founder (Original: founder)
[MATCH] fright-fest-2025 -> 312692
[MISS] frog-lantern (Original: frog-lantern)
[MISS] frozen-cortext_1 (Original: frozen-cortext_1)
[MISS] frozen-synapse_1 (Original: frozen-synapse_1)
[MISS] game-developer (Original: game-developer)
[MATCH] gamerduo -> 223209
[MATCH] gears-of-war-superfan-badge -> 21147
[MISS] getting-over-it_1 (Original: getting-over-it_1)
[MISS] getting-over-it_2 (Original: getting-over-it_2)
[MATCH] gingko-leaf -> 115869
[MATCH] glhf-pledge -> 791230
[MATCH] glitchcon2020 -> 509405
[MISS] global_mod (Original: global_mod)
[MATCH] gold-pixel-heart -> 16326
[MATCH] gold-pixel-heart---together-for-good-24 -> 6802
[MATCH] gone-bananas -> 404516
[MATCH] gp-explorer-3 -> 156456
[MISS] heavy-bullets_1 (Original: heavy-bullets_1)
[MISS] hello_neighbor_1 (Original: hello_neighbor_1)
[MATCH] hornet -> 311410
[MATCH] hunt-crosses -> 16501
[MISS] hype-train (Original: hype-train)
[MISS] hype-train (Original: hype-train)
[MISS] innerspace_1 (Original: innerspace_1)
[MISS] innerspace_2 (Original: innerspace_2)
[MISS] jackbox-party-pack_1 (Original: jackbox-party-pack_1)
[MATCH] jeff-the-land-shark -> 36229
[MATCH] k4sen-con-2025 -> 10635
[MISS] kingdom-new-lands_1 (Original: kingdom-new-lands_1)
[MATCH] la-velada-iv -> 299134
[MATCH] la-velada-v-badge -> 284918
[MISS] lead_moderator (Original: lead_moderator)
[MATCH] league-of-legends-mid-season-invitational-2025---grey -> 24488
[MISS] league-of-legends-mid-season-invitational-2025---purple (Original: league-of-legends-mid-season-invitational-2025---purple)
[MATCH] legendus -> 54799
[MATCH] lol-worlds-2025 -> 23849
[MATCH] low -> 300403
[MATCH] marathon-reveal-runner -> 63534
[MATCH] mel -> 25982
[MATCH] minecraft-15th-anniversary-celebration -> 105613
[MISS] moderator (Original: moderator)
[MISS] moments (Original: moments)
[MISS] moments (Original: moments)
[MISS] moments (Original: moments)
[MISS] moments (Original: moments)
[MISS] moments (Original: moments)
[MISS] moments (Original: moments)
[MISS] moments (Original: moments)
[MISS] moments (Original: moments)
[MISS] moments (Original: moments)
[MISS] moments (Original: moments)
[MISS] moments (Original: moments)
[MISS] moments (Original: moments)
[MISS] moments (Original: moments)
[MISS] moments (Original: moments)
[MISS] moments (Original: moments)
[MISS] moments (Original: moments)
[MISS] moments (Original: moments)
[MISS] moments (Original: moments)
[MISS] moments (Original: moments)
[MISS] moments (Original: moments)
[MATCH] no_audio -> 1611379
[MATCH] no_video -> 1496399
[MISS] okhlos_1 (Original: okhlos_1)
[MATCH] overwatch-league-insider_1 -> 16729
[MATCH] overwatch-league-insider_2018b -> 10669
[MATCH] overwatch-league-insider_2019a -> 27515
[MATCH] overwatch-league-insider_2019a -> 27515
[MISS] overwatch-league-insider_2019b (Original: overwatch-league-insider_2019B)
[MISS] overwatch-league-insider_2019b (Original: overwatch-league-insider_2019B)
[MISS] overwatch-league-insider_2019b (Original: overwatch-league-insider_2019B)
[MISS] overwatch-league-insider_2019b (Original: overwatch-league-insider_2019B)
[MISS] overwatch-league-insider_2019b (Original: overwatch-league-insider_2019B)
[MISS] partner (Original: partner)
[MATCH] path-of-exile-2-badge -> 75653
[MATCH] pokemon-legends-z-a-chikorita -> 46823
[MATCH] pokemon-legends-z-a-tepig -> 20033
[MATCH] pokemon-legends-z-a-totodile -> 60443
[MISS] power-rangers (Original: power-rangers)
[MISS] power-rangers (Original: power-rangers)
[MISS] power-rangers (Original: power-rangers)
[MISS] power-rangers (Original: power-rangers)
[MISS] power-rangers (Original: power-rangers)
[MISS] power-rangers (Original: power-rangers)
[MISS] power-rangers (Original: power-rangers)
[MISS] predictions (Original: predictions)
[MISS] predictions (Original: predictions)
[MISS] predictions (Original: predictions)
[MISS] predictions (Original: predictions)
[MISS] predictions (Original: predictions)
[MISS] predictions (Original: predictions)
[MISS] predictions (Original: predictions)
[MISS] predictions (Original: predictions)
[MISS] predictions (Original: predictions)
[MISS] predictions (Original: predictions)
[MISS] predictions (Original: predictions)
[MISS] predictions (Original: predictions)
[MISS] predictions (Original: predictions)
[MISS] predictions (Original: predictions)
[MATCH] premium -> 17088516
[MISS] psychonauts_1 (Original: psychonauts_1)
[MATCH] purple-noob -> 26002
[MATCH] purple-pixel-heart---together-for-good-24 -> 29707
[MATCH] raging-wolf-helm -> 1732494
[MISS] raiden-v-directors-cut_1 (Original: raiden-v-directors-cut_1)
[MATCH] raider-icon-badge -> 8216
[MATCH] rainbow-six-siege-x-10th-anniversary -> 5913
[MATCH] revedtv-stream-awards-2025 -> 44934
[MISS] rift_1 (Original: rift_1)
[MATCH] rplace-2023 -> 530657
[MATCH] ruby-pixel-heart---together-for-good-24 -> 5709
[MATCH] rustmas-2025 -> 6045
[MISS] sajam-slam-badge (Original: sajam-slam-badge)
[MISS] samusoffer_beta (Original: samusoffer_beta)
[MATCH] share-the-love -> 893161
[MISS] social-sharing (Original: social-sharing)
[MISS] social-sharing (Original: social-sharing)
[MISS] social-sharing (Original: social-sharing)
[MATCH] sonic-racing-crossworlds -> 31079
[MATCH] speedons-5-badge -> 70103
[MISS] staff (Original: staff)
[MISS] starbound_1 (Original: starbound_1)
[MISS] strafe_1 (Original: strafe_1)
[MATCH] stream-for-humanity-2-2025 -> 120368
[MATCH] streamer-awards-2024 -> 6838
[MATCH] streamer-awards-tux -> 41103
[MISS] sub-gift-leader (Original: sub-gift-leader)
[MISS] sub-gift-leader (Original: sub-gift-leader)
[MISS] sub-gift-leader (Original: sub-gift-leader)
[MISS] sub-gifter (Original: sub-gifter)
[MISS] sub-gifter (Original: sub-gifter)
[MISS] sub-gifter (Original: sub-gifter)
[MISS] sub-gifter (Original: sub-gifter)
[MISS] sub-gifter (Original: sub-gifter)
[MISS] sub-gifter (Original: sub-gifter)
[MISS] sub-gifter (Original: sub-gifter)
[MISS] sub-gifter (Original: sub-gifter)
[MISS] sub-gifter (Original: sub-gifter)
[MISS] sub-gifter (Original: sub-gifter)
[MISS] sub-gifter (Original: sub-gifter)
[MISS] sub-gifter (Original: sub-gifter)
[MISS] sub-gifter (Original: sub-gifter)
[MISS] sub-gifter (Original: sub-gifter)
[MISS] sub-gifter (Original: sub-gifter)
[MISS] sub-gifter (Original: sub-gifter)
[MISS] sub-gifter (Original: sub-gifter)
[MISS] sub-gifter (Original: sub-gifter)
[MISS] sub-gifter (Original: sub-gifter)
[MISS] sub-gifter (Original: sub-gifter)
[MISS] sub-gifter (Original: sub-gifter)
[MISS] sub-gifter (Original: sub-gifter)
[MISS] sub-gifter (Original: sub-gifter)
[MISS] sub-gifter (Original: sub-gifter)
[MISS] sub-gifter (Original: sub-gifter)
[MISS] sub-gifter (Original: sub-gifter)
[MISS] sub-gifter (Original: sub-gifter)
[MISS] sub-gifter (Original: sub-gifter)
[MISS] subscriber (Original: subscriber)
[MISS] subscriber (Original: subscriber)
[MISS] subscriber (Original: subscriber)
[MISS] subscriber (Original: subscriber)
[MISS] subscriber (Original: subscriber)
[MISS] subscriber (Original: subscriber)
[MISS] subscriber (Original: subscriber)
[MATCH] subtember-2024 -> 457548
[MATCH] subtember-2025 -> 409724
[MISS] superhot_1 (Original: superhot_1)
[MATCH] superultracombo-2023 -> 310329
[MISS] support-a-streamer-ho26-badge (Original: support-a-streamer-ho26-badge)
[MISS] survival-cup-4 (Original: survival-cup-4)
[MISS] tft-paris-open (Original: tft-paris-open)
[MATCH] the-first-descendant-badge -> 5123
[MATCH] the-game-awards-2023 -> 5853
[MISS] the-golden-predictor-of-the-game-awards-2023 (Original: the-golden-predictor-of-the-game-awards-2023)
[MATCH] the-man-without-fear -> 25010
[MATCH] the-onryos-mask -> 10320
[MISS] the-surge_1 (Original: the-surge_1)
[MISS] the-surge_2 (Original: the-surge_2)
[MISS] the-surge_3 (Original: the-surge_3)
[MISS] this-war-of-mine_1 (Original: this-war-of-mine_1)
[MISS] titan-souls_1 (Original: titan-souls_1)
[MATCH] together-for-good-25---good-badge -> 29001
[MISS] together-for-good-25---gooder-badge (Original: together-for-good-25---gooder-badge)
[MATCH] together-for-good-25---goodest-badge -> 6740
[MISS] together-for-good-25---wicked-dub-badge (Original: together-for-good-25---wicked-dub-badge)
[MISS] total-war-anniversary (Original: total-war-anniversary)
[MATCH] touch-grass -> 35267
[MISS] treasure-adventure-world_1 (Original: treasure-adventure-world_1)
[MATCH] turbo -> 1043377
[MATCH] twitch-dj -> 25487
[MISS] twitch-intern-2022 (Original: twitch-intern-2022)
[MISS] twitch-intern-2023 (Original: twitch-intern-2023)
[MISS] twitch-intern-2024 (Original: twitch-intern-2024)
[MATCH] twitch-recap-2023 -> 1898206
[MATCH] twitch-recap-2024 -> 1777092
[MATCH] twitch-recap-2025 -> 873708
[MISS] twitchbot (Original: twitchbot)
[MISS] twitchbot (Original: twitchbot)
[MATCH] twitchcon-2024---rotterdam -> 7546
[MATCH] twitchcon-2024---san-diego -> 11950
[MATCH] twitchcon-2025---rotterdam -> 24586
[MISS] twitchcon-referral-program-2025-bleedpurple (Original: twitchcon-referral-program-2025-bleedpurple)
[MISS] twitchcon-referral-program-2025-chrome-star (Original: twitchcon-referral-program-2025-chrome-star)
[MATCH] twitchcon2017 -> 8897
[MATCH] twitchcon2018 -> 10186
[MATCH] twitchconamsterdam2020 -> 8113
[MATCH] twitchconeu2019 -> 5434
[MATCH] twitchconeu2022 -> 12709
[MATCH] twitchconeu2023 -> 6792
[MATCH] twitchconna2019 -> 12503
[MISS] twitchconna2020 (Original: twitchconNA2020)
[MATCH] twitchconna2022 -> 13589
[MATCH] twitchconna2023 -> 11527
[MISS] tyranny_1 (Original: tyranny_1)
[MATCH] ugly-sweater -> 175385
[MISS] user-anniversary (Original: user-anniversary)
[MATCH] vct-paris-2025 -> 75937
[MISS] vga-champ-2017 (Original: vga-champ-2017)
[MATCH] video-games-day -> 125271
[MISS] vip (Original: vip)
[MISS] warcraft (Original: warcraft)
[MISS] warcraft (Original: warcraft)
[MATCH] zevent-2024 -> 164101
[MATCH] zevent25 -> 294547